2023.09.24 00:22:23 INFO  Started: Metals version 1.0.1 in folders 'C:\UCSC\Group project\frontend\enmo-skill-web' for client Visual Studio Code 1.82.1.
Sep 24, 2023 12:22:23 AM org.flywaydb.core.internal.license.VersionPrinter printVersionOnly
INFO: Flyway Community Edition 9.21.2 by Redgate
Sep 24, 2023 12:22:23 AM org.flywaydb.core.internal.license.VersionPrinter printVersion
INFO: See release notes here: https://rd.gt/416ObMi
Sep 24, 2023 12:22:23 AM org.flywaydb.core.internal.license.VersionPrinter printVersion
INFO: 
Sep 24, 2023 12:22:23 AM org.flywaydb.core.FlywayExecutor execute
INFO: Database: jdbc:h2:file:C:\UCSC\Group project\frontend\enmo-skill-web\.metals\metals (H2 2.1)
Sep 24, 2023 12:22:24 AM org.flywaydb.core.internal.schemahistory.JdbcTableSchemaHistory allAppliedMigrations
INFO: Schema history table "PUBLIC"."flyway_schema_history" does not exist yet
Sep 24, 2023 12:22:24 AM org.flywaydb.core.internal.command.DbValidate validate
INFO: Successfully validated 4 migrations (execution time 00:00.016s)
Sep 24, 2023 12:22:24 AM org.flywaydb.core.internal.schemahistory.JdbcTableSchemaHistory create
INFO: Creating Schema History table "PUBLIC"."flyway_schema_history" ...
Sep 24, 2023 12:22:24 AM org.flywaydb.core.internal.command.DbMigrate migrateGroup
INFO: Current version of schema "PUBLIC": << Empty Schema >>
Sep 24, 2023 12:22:24 AM org.flywaydb.core.internal.command.DbMigrate doMigrateGroup
INFO: Migrating schema "PUBLIC" to version "1 - Create tables"
Sep 24, 2023 12:22:24 AM org.flywaydb.core.internal.command.DbMigrate doMigrateGroup
INFO: Migrating schema "PUBLIC" to version "2 - Server discovery"
Sep 24, 2023 12:22:24 AM org.flywaydb.core.internal.command.DbMigrate doMigrateGroup
INFO: Migrating schema "PUBLIC" to version "3 - Jar symbols"
Sep 24, 2023 12:22:24 AM org.flywaydb.core.internal.command.DbMigrate doMigrateGroup
INFO: Migrating schema "PUBLIC" to version "4 - Fingerprints"
Sep 24, 2023 12:22:24 AM org.flywaydb.core.internal.command.DbMigrate logSummary
INFO: Successfully applied 4 migrations to schema "PUBLIC", now at version v4 (execution time 00:00.013s)
2023.09.24 00:22:24 INFO  time: initialize in 0.65s
2023.09.24 00:22:24 WARN  Build server is not auto-connectable.
2023.09.24 00:22:24 WARN  no build tool detected in workspace 'C:\UCSC\Group project\frontend\enmo-skill-web'. The most common cause for this problem is that the editor was opened in the wrong working directory, for example if you use sbt then the workspace directory should contain build.sbt. 
Sep 24, 2023 11:02:43 AM org.eclipse.lsp4j.jsonrpc.services.GenericEndpoint notify
INFO: Unsupported notification method: $/setTrace
Sep 24, 2023 11:27:39 AM org.eclipse.lsp4j.jsonrpc.services.GenericEndpoint notify
INFO: Unsupported notification method: $/setTrace
Sep 24, 2023 11:28:44 AM org.eclipse.lsp4j.jsonrpc.services.GenericEndpoint notify
INFO: Unsupported notification method: $/setTrace
